Arguments: 
  /usr/local/bin/node /usr/share/yarn/bin/yarn.js start

PATH: 
  /home/alex/Downloads/google-cloud-sdk/bin:/home/alex/.linuxbrew/bin:/home/alex/bin:/home/alex/.local/bin:/usr/local/sbin:/usr/local/bin:/usr/sbin:/usr/bin:/sbin:/bin:/usr/games:/usr/local/games:/snap/bin:/usr/lib/jvm/java-8-oracle/bin:/usr/lib/jvm/java-8-oracle/db/bin:/usr/lib/jvm/java-8-oracle/jre/bin:/home/alex/Documents/helm/bin:/usr/lib/jvm/java-8-oracle/bin:/usr/lib/jvm/java-8-oracle/db/bin:/usr/lib/jvm/java-8-oracle/jre/bin

Yarn version: 
  1.5.1

Node version: 
  8.11.3

Platform: 
  linux x64

npm manifest: 
  {
    "name": "react-webpak",
    "version": "1.0.0",
    "description": "A ready to use simple webpack boilerplate",
    "main": "src/index.js",
    "scripts": {
      "start": "webpack-dev-server --mode development --open",
      "build": "webpack --mode production"
    },
    "engines": {
      "npm": "6.4.1",
      "node": "8.11.3"
    },
    "author": "TatevG",
    "license": "ISC",
    "devDependencies": {
      "babel-core": "^6.26.3",
      "babel-loader": "^7.1.5",
      "babel-plugin-transform-class-properties": "^6.24.1",
      "babel-plugin-transform-object-rest-spread": "^6.26.0",
      "babel-polyfill": "^6.26.0",
      "babel-preset-env": "^1.6.1",
      "babel-preset-react": "^6.24.1",
      "css-loader": "^0.28.11",
      "html-webpack-plugin": "^3.1.0",
      "less": "^3.8.1",
      "less-loader": "^4.1.0",
      "mini-css-extract-plugin": "^0.4.4",
      "node-sass": "^4.9.3",
      "sass-loader": "^7.1.0",
      "style-loader": "^0.20.3",
      "styled-components": "^3.4.10",
      "webpack": "^4.20.2",
      "webpack-cli": "^2.0.13",
      "webpack-dev-server": "^3.1.1"
    },
    "dependencies": {
      "apollo-boost": "^0.1.16",
      "axios": "^0.18.0",
      "graphql": "^14.0.2",
      "graphql-tag": "^2.10.0",
      "prop-types": "^15.6.2",
      "react": "^16.2.0",
      "react-apollo": "^2.2.4",
      "react-dom": "^16.2.0",
      "react-redux": "^5.0.7",
      "react-router": "^4.3.1",
      "react-router-dom": "^4.3.1",
      "react-scripts": "^2.0.4",
      "recompose": "^0.30.0",
      "redux": "^4.0.0",
      "redux-devtools-extension": "^2.13.5",
      "redux-thunk": "^2.3.0"
    }
  }

yarn manifest: 
  No manifest

Lockfile: 
  No lockfile

Trace: 
  Error: Command failed.
  Exit signal: SIGTERM
  Command: sh
  Arguments: -c webpack-dev-server --mode development --open
  Directory: /home/alex/Desktop/graphql-test-drimsim/user_app
  Output:
  
      at ProcessTermError.MessageError (/usr/share/yarn/lib/cli.js:186:110)
      at new ProcessTermError (/usr/share/yarn/lib/cli.js:226:113)
      at ChildProcess.<anonymous> (/usr/share/yarn/lib/cli.js:30281:17)
      at emitTwo (events.js:126:13)
      at ChildProcess.emit (events.js:214:7)
      at maybeClose (internal/child_process.js:925:16)
      at Process.ChildProcess._handle.onexit (internal/child_process.js:209:5)
